2023-08-14 21:16:20.333  INFO 42544 --- [restartedMain] l.family.community.CommunityApplication  : Starting CommunityApplication on DESKTOP-VVN53HN with PID 42544 (C:\Users\TaiQiTao\IdeaProjects\community\target\classes started by TaiQiTao in C:\Users\TaiQiTao\IdeaProjects\community)
2023-08-14 21:16:20.343  INFO 42544 --- [restartedMain] l.family.community.CommunityApplication  : No active profile set, falling back to default profiles: default
2023-08-14 21:16:20.403  INFO 42544 --- [restartedMain] .e.DevToolsPropertyDefaultsPostProcessor : Devtools property defaults active! Set 'spring.devtools.add-properties' to 'false' to disable
2023-08-14 21:16:20.403  INFO 42544 --- [restartedMain] .e.DevToolsPropertyDefaultsPostProcessor : For additional web related logging consider setting the 'logging.level.web' property to 'DEBUG'
2023-08-14 21:16:22.200  INFO 42544 --- [restartedMain] o.s.b.w.embedded.tomcat.TomcatWebServer  : Tomcat initialized with port(s): 8887 (http)
2023-08-14 21:16:22.221  INFO 42544 --- [restartedMain] o.apache.catalina.core.StandardService   : Starting service [Tomcat]
2023-08-14 21:16:22.222  INFO 42544 --- [restartedMain] org.apache.catalina.core.StandardEngine  : Starting Servlet engine: [Apache Tomcat/9.0.17]
2023-08-14 21:16:22.310  INFO 42544 --- [restartedMain] o.a.c.c.C.[Tomcat].[localhost].[/]       : Initializing Spring embedded WebApplicationContext
2023-08-14 21:16:22.310  INFO 42544 --- [restartedMain] o.s.web.context.ContextLoader            : Root WebApplicationContext: initialization completed in 1907 ms
2023-08-14 21:16:22.847  INFO 42544 --- [restartedMain] o.s.s.concurrent.ThreadPoolTaskExecutor  : Initializing ExecutorService 'applicationTaskExecutor'
2023-08-14 21:16:23.168  INFO 42544 --- [restartedMain] o.s.b.a.w.s.WelcomePageHandlerMapping    : Adding welcome page template: index
2023-08-14 21:16:23.441  INFO 42544 --- [restartedMain] o.s.b.d.a.OptionalLiveReloadServer       : LiveReload server is running on port 35729
2023-08-14 21:16:23.511  INFO 42544 --- [restartedMain] o.s.b.w.embedded.tomcat.TomcatWebServer  : Tomcat started on port(s): 8887 (http) with context path ''
2023-08-14 21:16:23.515  INFO 42544 --- [restartedMain] l.family.community.CommunityApplication  : Started CommunityApplication in 3.562 seconds (JVM running for 4.484)
2023-08-14 21:16:41.050  INFO 42544 --- [http-nio-8887-exec-1] o.a.c.c.C.[Tomcat].[localhost].[/]       : Initializing Spring DispatcherServlet 'dispatcherServlet'
2023-08-14 21:16:41.050  INFO 42544 --- [http-nio-8887-exec-1] o.s.web.servlet.DispatcherServlet        : Initializing Servlet 'dispatcherServlet'
2023-08-14 21:16:41.064  INFO 42544 --- [http-nio-8887-exec-1] o.s.web.servlet.DispatcherServlet        : Completed initialization in 13 ms
2023-08-14 21:16:41.154  INFO 42544 --- [http-nio-8887-exec-1] com.zaxxer.hikari.HikariDataSource       : HikariPool-1 - Starting...
2023-08-14 21:16:41.507  INFO 42544 --- [http-nio-8887-exec-1] com.zaxxer.hikari.HikariDataSource       : HikariPool-1 - Start completed.
2023-08-14 21:16:41.525 DEBUG 42544 --- [http-nio-8887-exec-1] l.f.c.mapper.QuestionMapper.countAll     : ==>  Preparing: select count(1) from question 
2023-08-14 21:16:41.566 DEBUG 42544 --- [http-nio-8887-exec-1] l.f.c.mapper.QuestionMapper.countAll     : ==> Parameters: 
2023-08-14 21:16:41.626 DEBUG 42544 --- [http-nio-8887-exec-1] l.f.c.mapper.QuestionMapper.countAll     : <==      Total: 1
2023-08-14 21:16:41.641 DEBUG 42544 --- [http-nio-8887-exec-1] l.f.c.mapper.QuestionMapper.list         : ==>  Preparing: select * from question order by gmt_create DESC limit ?, ? 
2023-08-14 21:16:41.643 DEBUG 42544 --- [http-nio-8887-exec-1] l.f.c.mapper.QuestionMapper.list         : ==> Parameters: 0(Integer), 5(Integer)
2023-08-14 21:16:41.659 DEBUG 42544 --- [http-nio-8887-exec-1] l.f.c.mapper.QuestionMapper.list         : <==      Total: 5
2023-08-14 21:16:41.666 DEBUG 42544 --- [http-nio-8887-exec-1] l.f.c.mapper.UserMapper.findById         : ==>  Preparing: select * from user where id = ? 
2023-08-14 21:16:41.668 DEBUG 42544 --- [http-nio-8887-exec-1] l.f.c.mapper.UserMapper.findById         : ==> Parameters: 15(Long)
2023-08-14 21:16:41.677 DEBUG 42544 --- [http-nio-8887-exec-1] l.f.c.mapper.UserMapper.findById         : <==      Total: 1
2023-08-14 21:16:41.689 DEBUG 42544 --- [http-nio-8887-exec-1] l.f.c.mapper.UserMapper.findById         : ==>  Preparing: select * from user where id = ? 
2023-08-14 21:16:41.690 DEBUG 42544 --- [http-nio-8887-exec-1] l.f.c.mapper.UserMapper.findById         : ==> Parameters: 15(Long)
2023-08-14 21:16:41.693 DEBUG 42544 --- [http-nio-8887-exec-1] l.f.c.mapper.UserMapper.findById         : <==      Total: 1
2023-08-14 21:16:41.694 DEBUG 42544 --- [http-nio-8887-exec-1] l.f.c.mapper.UserMapper.findById         : ==>  Preparing: select * from user where id = ? 
2023-08-14 21:16:41.694 DEBUG 42544 --- [http-nio-8887-exec-1] l.f.c.mapper.UserMapper.findById         : ==> Parameters: 15(Long)
2023-08-14 21:16:41.696 DEBUG 42544 --- [http-nio-8887-exec-1] l.f.c.mapper.UserMapper.findById         : <==      Total: 1
2023-08-14 21:16:41.697 DEBUG 42544 --- [http-nio-8887-exec-1] l.f.c.mapper.UserMapper.findById         : ==>  Preparing: select * from user where id = ? 
2023-08-14 21:16:41.698 DEBUG 42544 --- [http-nio-8887-exec-1] l.f.c.mapper.UserMapper.findById         : ==> Parameters: 15(Long)
2023-08-14 21:16:41.701 DEBUG 42544 --- [http-nio-8887-exec-1] l.f.c.mapper.UserMapper.findById         : <==      Total: 1
2023-08-14 21:16:41.702 DEBUG 42544 --- [http-nio-8887-exec-1] l.f.c.mapper.UserMapper.findById         : ==>  Preparing: select * from user where id = ? 
2023-08-14 21:16:41.703 DEBUG 42544 --- [http-nio-8887-exec-1] l.f.c.mapper.UserMapper.findById         : ==> Parameters: 15(Long)
2023-08-14 21:16:41.705 DEBUG 42544 --- [http-nio-8887-exec-1] l.f.c.mapper.UserMapper.findById         : <==      Total: 1
2023-08-14 21:16:46.502 DEBUG 42544 --- [http-nio-8887-exec-6] l.f.c.mapper.QuestionMapper.getById      : ==>  Preparing: select * from question where id = ? 
2023-08-14 21:16:46.502 DEBUG 42544 --- [http-nio-8887-exec-6] l.f.c.mapper.QuestionMapper.getById      : ==> Parameters: 51(Long)
2023-08-14 21:16:46.504 DEBUG 42544 --- [http-nio-8887-exec-6] l.f.c.mapper.QuestionMapper.getById      : <==      Total: 1
2023-08-14 21:16:46.505 DEBUG 42544 --- [http-nio-8887-exec-6] l.f.c.mapper.UserMapper.findById         : ==>  Preparing: select * from user where id = ? 
2023-08-14 21:16:46.505 DEBUG 42544 --- [http-nio-8887-exec-6] l.f.c.mapper.UserMapper.findById         : ==> Parameters: 15(Long)
2023-08-14 21:16:46.507 DEBUG 42544 --- [http-nio-8887-exec-6] l.f.c.mapper.UserMapper.findById         : <==      Total: 1
2023-08-14 21:16:46.508 DEBUG 42544 --- [http-nio-8887-exec-6] l.f.c.mapper.QuestionMapper.selectByTag  : ==>  Preparing: select * from question where id != ? and tag regexp ? 
2023-08-14 21:16:46.508 DEBUG 42544 --- [http-nio-8887-exec-6] l.f.c.mapper.QuestionMapper.selectByTag  : ==> Parameters: 51(Long), java|IDEA|spring boot(String)
2023-08-14 21:16:46.516 DEBUG 42544 --- [http-nio-8887-exec-6] l.f.c.mapper.QuestionMapper.selectByTag  : <==      Total: 14
2023-08-14 21:16:46.523 DEBUG 42544 --- [http-nio-8887-exec-6] l.f.c.m.CommentMapper.getByQuestionId    : ==>  Preparing: select * from comment where parent_id = ? and type = ? order by gmt_create DESC 
2023-08-14 21:16:46.524 DEBUG 42544 --- [http-nio-8887-exec-6] l.f.c.m.CommentMapper.getByQuestionId    : ==> Parameters: 51(Long), 1(Integer)
2023-08-14 21:16:46.525 DEBUG 42544 --- [http-nio-8887-exec-6] l.f.c.m.CommentMapper.getByQuestionId    : <==      Total: 0
2023-08-14 21:16:46.525 DEBUG 42544 --- [http-nio-8887-exec-6] l.f.c.mapper.QuestionMapper.getById      : ==>  Preparing: select * from question where id = ? 
2023-08-14 21:16:46.525 DEBUG 42544 --- [http-nio-8887-exec-6] l.f.c.mapper.QuestionMapper.getById      : ==> Parameters: 51(Long)
2023-08-14 21:16:46.526 DEBUG 42544 --- [http-nio-8887-exec-6] l.f.c.mapper.QuestionMapper.getById      : <==      Total: 1
2023-08-14 21:16:46.526 DEBUG 42544 --- [http-nio-8887-exec-6] l.f.c.mapper.QuestionMapper.updateView   : ==>  Preparing: update question set view_count = ? where id = ? 
2023-08-14 21:16:46.526 DEBUG 42544 --- [http-nio-8887-exec-6] l.f.c.mapper.QuestionMapper.updateView   : ==> Parameters: 4(Integer), 51(Long)
2023-08-14 21:16:46.531 DEBUG 42544 --- [http-nio-8887-exec-6] l.f.c.mapper.QuestionMapper.updateView   : <==    Updates: 1
2023-08-14 21:16:49.576 DEBUG 42544 --- [http-nio-8887-exec-10] l.f.c.mapper.QuestionMapper.getById      : ==>  Preparing: select * from question where id = ? 
2023-08-14 21:16:49.578 DEBUG 42544 --- [http-nio-8887-exec-10] l.f.c.mapper.QuestionMapper.getById      : ==> Parameters: 42(Long)
2023-08-14 21:16:49.579 DEBUG 42544 --- [http-nio-8887-exec-10] l.f.c.mapper.QuestionMapper.getById      : <==      Total: 1
2023-08-14 21:16:49.580 DEBUG 42544 --- [http-nio-8887-exec-10] l.f.c.mapper.UserMapper.findById         : ==>  Preparing: select * from user where id = ? 
2023-08-14 21:16:49.581 DEBUG 42544 --- [http-nio-8887-exec-10] l.f.c.mapper.UserMapper.findById         : ==> Parameters: 15(Long)
2023-08-14 21:16:49.581 DEBUG 42544 --- [http-nio-8887-exec-10] l.f.c.mapper.UserMapper.findById         : <==      Total: 1
2023-08-14 21:16:49.582 DEBUG 42544 --- [http-nio-8887-exec-10] l.f.c.mapper.QuestionMapper.selectByTag  : ==>  Preparing: select * from question where id != ? and tag regexp ? 
2023-08-14 21:16:49.583 DEBUG 42544 --- [http-nio-8887-exec-10] l.f.c.mapper.QuestionMapper.selectByTag  : ==> Parameters: 42(Long), java|spring|maven(String)
2023-08-14 21:16:49.587 DEBUG 42544 --- [http-nio-8887-exec-10] l.f.c.mapper.QuestionMapper.selectByTag  : <==      Total: 17
2023-08-14 21:16:49.588 DEBUG 42544 --- [http-nio-8887-exec-10] l.f.c.m.CommentMapper.getByQuestionId    : ==>  Preparing: select * from comment where parent_id = ? and type = ? order by gmt_create DESC 
2023-08-14 21:16:49.588 DEBUG 42544 --- [http-nio-8887-exec-10] l.f.c.m.CommentMapper.getByQuestionId    : ==> Parameters: 42(Long), 1(Integer)
2023-08-14 21:16:49.590 DEBUG 42544 --- [http-nio-8887-exec-10] l.f.c.m.CommentMapper.getByQuestionId    : <==      Total: 0
2023-08-14 21:16:49.591 DEBUG 42544 --- [http-nio-8887-exec-10] l.f.c.mapper.QuestionMapper.getById      : ==>  Preparing: select * from question where id = ? 
2023-08-14 21:16:49.591 DEBUG 42544 --- [http-nio-8887-exec-10] l.f.c.mapper.QuestionMapper.getById      : ==> Parameters: 42(Long)
2023-08-14 21:16:49.592 DEBUG 42544 --- [http-nio-8887-exec-10] l.f.c.mapper.QuestionMapper.getById      : <==      Total: 1
2023-08-14 21:16:49.593 DEBUG 42544 --- [http-nio-8887-exec-10] l.f.c.mapper.QuestionMapper.updateView   : ==>  Preparing: update question set view_count = ? where id = ? 
2023-08-14 21:16:49.593 DEBUG 42544 --- [http-nio-8887-exec-10] l.f.c.mapper.QuestionMapper.updateView   : ==> Parameters: 3(Integer), 42(Long)
2023-08-14 21:16:49.594 DEBUG 42544 --- [http-nio-8887-exec-10] l.f.c.mapper.QuestionMapper.updateView   : <==    Updates: 1
2023-08-14 21:16:52.462 DEBUG 42544 --- [http-nio-8887-exec-3] l.f.c.mapper.QuestionMapper.getById      : ==>  Preparing: select * from question where id = ? 
2023-08-14 21:16:52.462 DEBUG 42544 --- [http-nio-8887-exec-3] l.f.c.mapper.QuestionMapper.getById      : ==> Parameters: 37(Long)
2023-08-14 21:16:52.465 DEBUG 42544 --- [http-nio-8887-exec-3] l.f.c.mapper.QuestionMapper.getById      : <==      Total: 1
2023-08-14 21:16:52.465 DEBUG 42544 --- [http-nio-8887-exec-3] l.f.c.mapper.UserMapper.findById         : ==>  Preparing: select * from user where id = ? 
2023-08-14 21:16:52.466 DEBUG 42544 --- [http-nio-8887-exec-3] l.f.c.mapper.UserMapper.findById         : ==> Parameters: 15(Long)
2023-08-14 21:16:52.467 DEBUG 42544 --- [http-nio-8887-exec-3] l.f.c.mapper.UserMapper.findById         : <==      Total: 1
2023-08-14 21:16:52.467 DEBUG 42544 --- [http-nio-8887-exec-3] l.f.c.mapper.QuestionMapper.selectByTag  : ==>  Preparing: select * from question where id != ? and tag regexp ? 
2023-08-14 21:16:52.468 DEBUG 42544 --- [http-nio-8887-exec-3] l.f.c.mapper.QuestionMapper.selectByTag  : ==> Parameters: 37(Long), spring|maven|java(String)
2023-08-14 21:16:52.470 DEBUG 42544 --- [http-nio-8887-exec-3] l.f.c.mapper.QuestionMapper.selectByTag  : <==      Total: 17
2023-08-14 21:16:52.471 DEBUG 42544 --- [http-nio-8887-exec-3] l.f.c.m.CommentMapper.getByQuestionId    : ==>  Preparing: select * from comment where parent_id = ? and type = ? order by gmt_create DESC 
2023-08-14 21:16:52.471 DEBUG 42544 --- [http-nio-8887-exec-3] l.f.c.m.CommentMapper.getByQuestionId    : ==> Parameters: 37(Long), 1(Integer)
2023-08-14 21:16:52.472 DEBUG 42544 --- [http-nio-8887-exec-3] l.f.c.m.CommentMapper.getByQuestionId    : <==      Total: 0
2023-08-14 21:16:52.472 DEBUG 42544 --- [http-nio-8887-exec-3] l.f.c.mapper.QuestionMapper.getById      : ==>  Preparing: select * from question where id = ? 
2023-08-14 21:16:52.472 DEBUG 42544 --- [http-nio-8887-exec-3] l.f.c.mapper.QuestionMapper.getById      : ==> Parameters: 37(Long)
2023-08-14 21:16:52.473 DEBUG 42544 --- [http-nio-8887-exec-3] l.f.c.mapper.QuestionMapper.getById      : <==      Total: 1
2023-08-14 21:16:52.474 DEBUG 42544 --- [http-nio-8887-exec-3] l.f.c.mapper.QuestionMapper.updateView   : ==>  Preparing: update question set view_count = ? where id = ? 
2023-08-14 21:16:52.474 DEBUG 42544 --- [http-nio-8887-exec-3] l.f.c.mapper.QuestionMapper.updateView   : ==> Parameters: 5(Integer), 37(Long)
2023-08-14 21:16:52.476 DEBUG 42544 --- [http-nio-8887-exec-3] l.f.c.mapper.QuestionMapper.updateView   : <==    Updates: 1
2023-08-14 21:16:54.109 DEBUG 42544 --- [http-nio-8887-exec-6] l.f.c.mapper.QuestionMapper.getById      : ==>  Preparing: select * from question where id = ? 
2023-08-14 21:16:54.110 DEBUG 42544 --- [http-nio-8887-exec-6] l.f.c.mapper.QuestionMapper.getById      : ==> Parameters: 48(Long)
2023-08-14 21:16:54.113 DEBUG 42544 --- [http-nio-8887-exec-6] l.f.c.mapper.QuestionMapper.getById      : <==      Total: 1
2023-08-14 21:16:54.114 DEBUG 42544 --- [http-nio-8887-exec-6] l.f.c.mapper.UserMapper.findById         : ==>  Preparing: select * from user where id = ? 
2023-08-14 21:16:54.114 DEBUG 42544 --- [http-nio-8887-exec-6] l.f.c.mapper.UserMapper.findById         : ==> Parameters: 15(Long)
2023-08-14 21:16:54.115 DEBUG 42544 --- [http-nio-8887-exec-6] l.f.c.mapper.UserMapper.findById         : <==      Total: 1
2023-08-14 21:16:54.116 DEBUG 42544 --- [http-nio-8887-exec-6] l.f.c.mapper.QuestionMapper.selectByTag  : ==>  Preparing: select * from question where id != ? and tag regexp ? 
2023-08-14 21:16:54.116 DEBUG 42544 --- [http-nio-8887-exec-6] l.f.c.mapper.QuestionMapper.selectByTag  : ==> Parameters: 48(Long), java|spring|spring boot|IDEA(String)
2023-08-14 21:16:54.119 DEBUG 42544 --- [http-nio-8887-exec-6] l.f.c.mapper.QuestionMapper.selectByTag  : <==      Total: 17
2023-08-14 21:16:54.119 DEBUG 42544 --- [http-nio-8887-exec-6] l.f.c.m.CommentMapper.getByQuestionId    : ==>  Preparing: select * from comment where parent_id = ? and type = ? order by gmt_create DESC 
2023-08-14 21:16:54.120 DEBUG 42544 --- [http-nio-8887-exec-6] l.f.c.m.CommentMapper.getByQuestionId    : ==> Parameters: 48(Long), 1(Integer)
2023-08-14 21:16:54.121 DEBUG 42544 --- [http-nio-8887-exec-6] l.f.c.m.CommentMapper.getByQuestionId    : <==      Total: 0
2023-08-14 21:16:54.121 DEBUG 42544 --- [http-nio-8887-exec-6] l.f.c.mapper.QuestionMapper.getById      : ==>  Preparing: select * from question where id = ? 
2023-08-14 21:16:54.122 DEBUG 42544 --- [http-nio-8887-exec-6] l.f.c.mapper.QuestionMapper.getById      : ==> Parameters: 48(Long)
2023-08-14 21:16:54.123 DEBUG 42544 --- [http-nio-8887-exec-6] l.f.c.mapper.QuestionMapper.getById      : <==      Total: 1
2023-08-14 21:16:54.124 DEBUG 42544 --- [http-nio-8887-exec-6] l.f.c.mapper.QuestionMapper.updateView   : ==>  Preparing: update question set view_count = ? where id = ? 
2023-08-14 21:16:54.124 DEBUG 42544 --- [http-nio-8887-exec-6] l.f.c.mapper.QuestionMapper.updateView   : ==> Parameters: 6(Integer), 48(Long)
2023-08-14 21:16:54.126 DEBUG 42544 --- [http-nio-8887-exec-6] l.f.c.mapper.QuestionMapper.updateView   : <==    Updates: 1
2023-08-14 21:17:04.495 DEBUG 42544 --- [http-nio-8887-exec-8] l.f.c.mapper.QuestionMapper.countAll     : ==>  Preparing: select count(1) from question 
2023-08-14 21:17:04.496 DEBUG 42544 --- [http-nio-8887-exec-8] l.f.c.mapper.QuestionMapper.countAll     : ==> Parameters: 
2023-08-14 21:17:04.497 DEBUG 42544 --- [http-nio-8887-exec-8] l.f.c.mapper.QuestionMapper.countAll     : <==      Total: 1
2023-08-14 21:17:04.498 DEBUG 42544 --- [http-nio-8887-exec-8] l.f.c.mapper.QuestionMapper.list         : ==>  Preparing: select * from question order by gmt_create DESC limit ?, ? 
2023-08-14 21:17:04.499 DEBUG 42544 --- [http-nio-8887-exec-8] l.f.c.mapper.QuestionMapper.list         : ==> Parameters: 0(Integer), 5(Integer)
2023-08-14 21:17:04.501 DEBUG 42544 --- [http-nio-8887-exec-8] l.f.c.mapper.QuestionMapper.list         : <==      Total: 5
2023-08-14 21:17:04.501 DEBUG 42544 --- [http-nio-8887-exec-8] l.f.c.mapper.UserMapper.findById         : ==>  Preparing: select * from user where id = ? 
2023-08-14 21:17:04.501 DEBUG 42544 --- [http-nio-8887-exec-8] l.f.c.mapper.UserMapper.findById         : ==> Parameters: 15(Long)
2023-08-14 21:17:04.502 DEBUG 42544 --- [http-nio-8887-exec-8] l.f.c.mapper.UserMapper.findById         : <==      Total: 1
2023-08-14 21:17:04.503 DEBUG 42544 --- [http-nio-8887-exec-8] l.f.c.mapper.UserMapper.findById         : ==>  Preparing: select * from user where id = ? 
2023-08-14 21:17:04.503 DEBUG 42544 --- [http-nio-8887-exec-8] l.f.c.mapper.UserMapper.findById         : ==> Parameters: 15(Long)
2023-08-14 21:17:04.504 DEBUG 42544 --- [http-nio-8887-exec-8] l.f.c.mapper.UserMapper.findById         : <==      Total: 1
2023-08-14 21:17:04.504 DEBUG 42544 --- [http-nio-8887-exec-8] l.f.c.mapper.UserMapper.findById         : ==>  Preparing: select * from user where id = ? 
2023-08-14 21:17:04.504 DEBUG 42544 --- [http-nio-8887-exec-8] l.f.c.mapper.UserMapper.findById         : ==> Parameters: 15(Long)
2023-08-14 21:17:04.505 DEBUG 42544 --- [http-nio-8887-exec-8] l.f.c.mapper.UserMapper.findById         : <==      Total: 1
2023-08-14 21:17:04.505 DEBUG 42544 --- [http-nio-8887-exec-8] l.f.c.mapper.UserMapper.findById         : ==>  Preparing: select * from user where id = ? 
2023-08-14 21:17:04.506 DEBUG 42544 --- [http-nio-8887-exec-8] l.f.c.mapper.UserMapper.findById         : ==> Parameters: 15(Long)
2023-08-14 21:17:04.507 DEBUG 42544 --- [http-nio-8887-exec-8] l.f.c.mapper.UserMapper.findById         : <==      Total: 1
2023-08-14 21:17:04.507 DEBUG 42544 --- [http-nio-8887-exec-8] l.f.c.mapper.UserMapper.findById         : ==>  Preparing: select * from user where id = ? 
2023-08-14 21:17:04.507 DEBUG 42544 --- [http-nio-8887-exec-8] l.f.c.mapper.UserMapper.findById         : ==> Parameters: 15(Long)
2023-08-14 21:17:04.508 DEBUG 42544 --- [http-nio-8887-exec-8] l.f.c.mapper.UserMapper.findById         : <==      Total: 1
2023-08-14 21:17:06.759 DEBUG 42544 --- [http-nio-8887-exec-1] l.f.c.mapper.QuestionMapper.countAll     : ==>  Preparing: select count(1) from question 
2023-08-14 21:17:06.760 DEBUG 42544 --- [http-nio-8887-exec-1] l.f.c.mapper.QuestionMapper.countAll     : ==> Parameters: 
2023-08-14 21:17:06.761 DEBUG 42544 --- [http-nio-8887-exec-1] l.f.c.mapper.QuestionMapper.countAll     : <==      Total: 1
2023-08-14 21:17:06.762 DEBUG 42544 --- [http-nio-8887-exec-1] l.f.c.mapper.QuestionMapper.list         : ==>  Preparing: select * from question order by gmt_create DESC limit ?, ? 
2023-08-14 21:17:06.762 DEBUG 42544 --- [http-nio-8887-exec-1] l.f.c.mapper.QuestionMapper.list         : ==> Parameters: 20(Integer), 5(Integer)
2023-08-14 21:17:06.763 DEBUG 42544 --- [http-nio-8887-exec-1] l.f.c.mapper.QuestionMapper.list         : <==      Total: 1
2023-08-14 21:17:06.764 DEBUG 42544 --- [http-nio-8887-exec-1] l.f.c.mapper.UserMapper.findById         : ==>  Preparing: select * from user where id = ? 
2023-08-14 21:17:06.764 DEBUG 42544 --- [http-nio-8887-exec-1] l.f.c.mapper.UserMapper.findById         : ==> Parameters: 15(Long)
2023-08-14 21:17:06.764 DEBUG 42544 --- [http-nio-8887-exec-1] l.f.c.mapper.UserMapper.findById         : <==      Total: 1
2023-08-14 21:17:08.033 DEBUG 42544 --- [http-nio-8887-exec-10] l.f.c.mapper.QuestionMapper.countAll     : ==>  Preparing: select count(1) from question 
2023-08-14 21:17:08.034 DEBUG 42544 --- [http-nio-8887-exec-10] l.f.c.mapper.QuestionMapper.countAll     : ==> Parameters: 
2023-08-14 21:17:08.034 DEBUG 42544 --- [http-nio-8887-exec-10] l.f.c.mapper.QuestionMapper.countAll     : <==      Total: 1
2023-08-14 21:17:08.035 DEBUG 42544 --- [http-nio-8887-exec-10] l.f.c.mapper.QuestionMapper.list         : ==>  Preparing: select * from question order by gmt_create DESC limit ?, ? 
2023-08-14 21:17:08.037 DEBUG 42544 --- [http-nio-8887-exec-10] l.f.c.mapper.QuestionMapper.list         : ==> Parameters: 5(Integer), 5(Integer)
2023-08-14 21:17:08.038 DEBUG 42544 --- [http-nio-8887-exec-10] l.f.c.mapper.QuestionMapper.list         : <==      Total: 5
2023-08-14 21:17:08.039 DEBUG 42544 --- [http-nio-8887-exec-10] l.f.c.mapper.UserMapper.findById         : ==>  Preparing: select * from user where id = ? 
2023-08-14 21:17:08.039 DEBUG 42544 --- [http-nio-8887-exec-10] l.f.c.mapper.UserMapper.findById         : ==> Parameters: 15(Long)
2023-08-14 21:17:08.040 DEBUG 42544 --- [http-nio-8887-exec-10] l.f.c.mapper.UserMapper.findById         : <==      Total: 1
2023-08-14 21:17:08.041 DEBUG 42544 --- [http-nio-8887-exec-10] l.f.c.mapper.UserMapper.findById         : ==>  Preparing: select * from user where id = ? 
2023-08-14 21:17:08.041 DEBUG 42544 --- [http-nio-8887-exec-10] l.f.c.mapper.UserMapper.findById         : ==> Parameters: 15(Long)
2023-08-14 21:17:08.042 DEBUG 42544 --- [http-nio-8887-exec-10] l.f.c.mapper.UserMapper.findById         : <==      Total: 1
2023-08-14 21:17:08.043 DEBUG 42544 --- [http-nio-8887-exec-10] l.f.c.mapper.UserMapper.findById         : ==>  Preparing: select * from user where id = ? 
2023-08-14 21:17:08.044 DEBUG 42544 --- [http-nio-8887-exec-10] l.f.c.mapper.UserMapper.findById         : ==> Parameters: 15(Long)
2023-08-14 21:17:08.045 DEBUG 42544 --- [http-nio-8887-exec-10] l.f.c.mapper.UserMapper.findById         : <==      Total: 1
2023-08-14 21:17:08.045 DEBUG 42544 --- [http-nio-8887-exec-10] l.f.c.mapper.UserMapper.findById         : ==>  Preparing: select * from user where id = ? 
2023-08-14 21:17:08.045 DEBUG 42544 --- [http-nio-8887-exec-10] l.f.c.mapper.UserMapper.findById         : ==> Parameters: 15(Long)
2023-08-14 21:17:08.046 DEBUG 42544 --- [http-nio-8887-exec-10] l.f.c.mapper.UserMapper.findById         : <==      Total: 1
2023-08-14 21:17:08.046 DEBUG 42544 --- [http-nio-8887-exec-10] l.f.c.mapper.UserMapper.findById         : ==>  Preparing: select * from user where id = ? 
2023-08-14 21:17:08.046 DEBUG 42544 --- [http-nio-8887-exec-10] l.f.c.mapper.UserMapper.findById         : ==> Parameters: 15(Long)
2023-08-14 21:17:08.047 DEBUG 42544 --- [http-nio-8887-exec-10] l.f.c.mapper.UserMapper.findById         : <==      Total: 1
2023-08-14 21:17:09.481 DEBUG 42544 --- [http-nio-8887-exec-3] l.f.c.mapper.QuestionMapper.countAll     : ==>  Preparing: select count(1) from question 
2023-08-14 21:17:09.482 DEBUG 42544 --- [http-nio-8887-exec-3] l.f.c.mapper.QuestionMapper.countAll     : ==> Parameters: 
2023-08-14 21:17:09.482 DEBUG 42544 --- [http-nio-8887-exec-3] l.f.c.mapper.QuestionMapper.countAll     : <==      Total: 1
2023-08-14 21:17:09.483 DEBUG 42544 --- [http-nio-8887-exec-3] l.f.c.mapper.QuestionMapper.list         : ==>  Preparing: select * from question order by gmt_create DESC limit ?, ? 
2023-08-14 21:17:09.484 DEBUG 42544 --- [http-nio-8887-exec-3] l.f.c.mapper.QuestionMapper.list         : ==> Parameters: 0(Integer), 5(Integer)
2023-08-14 21:17:09.485 DEBUG 42544 --- [http-nio-8887-exec-3] l.f.c.mapper.QuestionMapper.list         : <==      Total: 5
2023-08-14 21:17:09.486 DEBUG 42544 --- [http-nio-8887-exec-3] l.f.c.mapper.UserMapper.findById         : ==>  Preparing: select * from user where id = ? 
2023-08-14 21:17:09.486 DEBUG 42544 --- [http-nio-8887-exec-3] l.f.c.mapper.UserMapper.findById         : ==> Parameters: 15(Long)
2023-08-14 21:17:09.488 DEBUG 42544 --- [http-nio-8887-exec-3] l.f.c.mapper.UserMapper.findById         : <==      Total: 1
2023-08-14 21:17:09.488 DEBUG 42544 --- [http-nio-8887-exec-3] l.f.c.mapper.UserMapper.findById         : ==>  Preparing: select * from user where id = ? 
2023-08-14 21:17:09.488 DEBUG 42544 --- [http-nio-8887-exec-3] l.f.c.mapper.UserMapper.findById         : ==> Parameters: 15(Long)
2023-08-14 21:17:09.489 DEBUG 42544 --- [http-nio-8887-exec-3] l.f.c.mapper.UserMapper.findById         : <==      Total: 1
2023-08-14 21:17:09.489 DEBUG 42544 --- [http-nio-8887-exec-3] l.f.c.mapper.UserMapper.findById         : ==>  Preparing: select * from user where id = ? 
2023-08-14 21:17:09.490 DEBUG 42544 --- [http-nio-8887-exec-3] l.f.c.mapper.UserMapper.findById         : ==> Parameters: 15(Long)
2023-08-14 21:17:09.490 DEBUG 42544 --- [http-nio-8887-exec-3] l.f.c.mapper.UserMapper.findById         : <==      Total: 1
2023-08-14 21:17:09.491 DEBUG 42544 --- [http-nio-8887-exec-3] l.f.c.mapper.UserMapper.findById         : ==>  Preparing: select * from user where id = ? 
2023-08-14 21:17:09.491 DEBUG 42544 --- [http-nio-8887-exec-3] l.f.c.mapper.UserMapper.findById         : ==> Parameters: 15(Long)
2023-08-14 21:17:09.492 DEBUG 42544 --- [http-nio-8887-exec-3] l.f.c.mapper.UserMapper.findById         : <==      Total: 1
2023-08-14 21:17:09.493 DEBUG 42544 --- [http-nio-8887-exec-3] l.f.c.mapper.UserMapper.findById         : ==>  Preparing: select * from user where id = ? 
2023-08-14 21:17:09.493 DEBUG 42544 --- [http-nio-8887-exec-3] l.f.c.mapper.UserMapper.findById         : ==> Parameters: 15(Long)
2023-08-14 21:17:09.494 DEBUG 42544 --- [http-nio-8887-exec-3] l.f.c.mapper.UserMapper.findById         : <==      Total: 1
2023-08-14 21:17:10.072 DEBUG 42544 --- [http-nio-8887-exec-6] l.f.c.mapper.QuestionMapper.countAll     : ==>  Preparing: select count(1) from question 
2023-08-14 21:17:10.072 DEBUG 42544 --- [http-nio-8887-exec-6] l.f.c.mapper.QuestionMapper.countAll     : ==> Parameters: 
2023-08-14 21:17:10.073 DEBUG 42544 --- [http-nio-8887-exec-6] l.f.c.mapper.QuestionMapper.countAll     : <==      Total: 1
2023-08-14 21:17:10.073 DEBUG 42544 --- [http-nio-8887-exec-6] l.f.c.mapper.QuestionMapper.list         : ==>  Preparing: select * from question order by gmt_create DESC limit ?, ? 
2023-08-14 21:17:10.074 DEBUG 42544 --- [http-nio-8887-exec-6] l.f.c.mapper.QuestionMapper.list         : ==> Parameters: 15(Integer), 5(Integer)
2023-08-14 21:17:10.075 DEBUG 42544 --- [http-nio-8887-exec-6] l.f.c.mapper.QuestionMapper.list         : <==      Total: 5
2023-08-14 21:17:10.075 DEBUG 42544 --- [http-nio-8887-exec-6] l.f.c.mapper.UserMapper.findById         : ==>  Preparing: select * from user where id = ? 
2023-08-14 21:17:10.075 DEBUG 42544 --- [http-nio-8887-exec-6] l.f.c.mapper.UserMapper.findById         : ==> Parameters: 15(Long)
2023-08-14 21:17:10.076 DEBUG 42544 --- [http-nio-8887-exec-6] l.f.c.mapper.UserMapper.findById         : <==      Total: 1
2023-08-14 21:17:10.077 DEBUG 42544 --- [http-nio-8887-exec-6] l.f.c.mapper.UserMapper.findById         : ==>  Preparing: select * from user where id = ? 
2023-08-14 21:17:10.077 DEBUG 42544 --- [http-nio-8887-exec-6] l.f.c.mapper.UserMapper.findById         : ==> Parameters: 15(Long)
2023-08-14 21:17:10.078 DEBUG 42544 --- [http-nio-8887-exec-6] l.f.c.mapper.UserMapper.findById         : <==      Total: 1
2023-08-14 21:17:10.078 DEBUG 42544 --- [http-nio-8887-exec-6] l.f.c.mapper.UserMapper.findById         : ==>  Preparing: select * from user where id = ? 
2023-08-14 21:17:10.078 DEBUG 42544 --- [http-nio-8887-exec-6] l.f.c.mapper.UserMapper.findById         : ==> Parameters: 15(Long)
2023-08-14 21:17:10.079 DEBUG 42544 --- [http-nio-8887-exec-6] l.f.c.mapper.UserMapper.findById         : <==      Total: 1
2023-08-14 21:17:10.080 DEBUG 42544 --- [http-nio-8887-exec-6] l.f.c.mapper.UserMapper.findById         : ==>  Preparing: select * from user where id = ? 
2023-08-14 21:17:10.080 DEBUG 42544 --- [http-nio-8887-exec-6] l.f.c.mapper.UserMapper.findById         : ==> Parameters: 15(Long)
2023-08-14 21:17:10.081 DEBUG 42544 --- [http-nio-8887-exec-6] l.f.c.mapper.UserMapper.findById         : <==      Total: 1
2023-08-14 21:17:10.081 DEBUG 42544 --- [http-nio-8887-exec-6] l.f.c.mapper.UserMapper.findById         : ==>  Preparing: select * from user where id = ? 
2023-08-14 21:17:10.081 DEBUG 42544 --- [http-nio-8887-exec-6] l.f.c.mapper.UserMapper.findById         : ==> Parameters: 15(Long)
2023-08-14 21:17:10.082 DEBUG 42544 --- [http-nio-8887-exec-6] l.f.c.mapper.UserMapper.findById         : <==      Total: 1
